<?xml version="1.0" encoding="UTF-8"?>
<coverage generated="1630962438798" clover="3.2.0">
  <project timestamp="1630962438798" name="All files">
    <metrics statements="29" coveredstatements="2" conditionals="0" coveredconditionals="0" methods="26" coveredmethods="2" elements="55" coveredelements="4" complexity="0" loc="29" ncloc="29" packages="1" files="24" classes="24"/>
    <file name="AboutApp.js" path="C:\Users\DmitriyV\projects\testing\test_react-jest\src\components\AboutApp.js">
      <metrics statements="1" coveredstatements="0" conditionals="0" coveredconditionals="0" methods="1" coveredmethods="0"/>
      <line num="11" count="0" type="stmt"/>
    </file>
    <file name="AnswerContent.js" path="C:\Users\DmitriyV\projects\testing\test_react-jest\src\components\AnswerContent.js">
      <metrics statements="1" coveredstatements="0" conditionals="0" coveredconditionals="0" methods="1" coveredmethods="0"/>
      <line num="7" count="0" type="stmt"/>
    </file>
    <file name="BlockImage.js" path="C:\Users\DmitriyV\projects\testing\test_react-jest\src\components\BlockImage.js">
      <metrics statements="1" coveredstatements="0" conditionals="0" coveredconditionals="0" methods="1" coveredmethods="0"/>
      <line num="5" count="0" type="stmt"/>
    </file>
    <file name="Commands.js" path="C:\Users\DmitriyV\projects\testing\test_react-jest\src\components\Commands.js">
      <metrics statements="1" coveredstatements="0" conditionals="0" coveredconditionals="0" methods="1" coveredmethods="0"/>
      <line num="13" count="0" type="stmt"/>
    </file>
    <file name="Contacts.js" path="C:\Users\DmitriyV\projects\testing\test_react-jest\src\components\Contacts.js">
      <metrics statements="1" coveredstatements="0" conditionals="0" coveredconditionals="0" methods="1" coveredmethods="0"/>
      <line num="4" count="0" type="stmt"/>
    </file>
    <file name="EntranceButton.js" path="C:\Users\DmitriyV\projects\testing\test_react-jest\src\components\EntranceButton.js">
      <metrics statements="6" coveredstatements="0" conditionals="0" coveredconditionals="0" methods="3" coveredmethods="0"/>
      <line num="6" count="0" type="stmt"/>
      <line num="7" count="0" type="stmt"/>
      <line num="10" count="0" type="stmt"/>
      <line num="13" count="0" type="stmt"/>
      <line num="14" count="0" type="stmt"/>
      <line num="18" count="0" type="stmt"/>
    </file>
    <file name="Footer.js" path="C:\Users\DmitriyV\projects\testing\test_react-jest\src\components\Footer.js">
      <metrics statements="1" coveredstatements="0" conditionals="0" coveredconditionals="0" methods="1" coveredmethods="0"/>
      <line num="7" count="0" type="stmt"/>
    </file>
    <file name="Header.js" path="C:\Users\DmitriyV\projects\testing\test_react-jest\src\components\Header.js">
      <metrics statements="1" coveredstatements="0" conditionals="0" coveredconditionals="0" methods="1" coveredmethods="0"/>
      <line num="9" count="0" type="stmt"/>
    </file>
    <file name="Main.js" path="C:\Users\DmitriyV\projects\testing\test_react-jest\src\components\Main.js">
      <metrics statements="1" coveredstatements="0" conditionals="0" coveredconditionals="0" methods="1" coveredmethods="0"/>
      <line num="5" count="0" type="stmt"/>
    </file>
    <file name="NavBar.js" path="C:\Users\DmitriyV\projects\testing\test_react-jest\src\components\NavBar.js">
      <metrics statements="1" coveredstatements="0" conditionals="0" coveredconditionals="0" methods="1" coveredmethods="0"/>
      <line num="9" count="0" type="stmt"/>
    </file>
    <file name="Noscript.js" path="C:\Users\DmitriyV\projects\testing\test_react-jest\src\components\Noscript.js">
      <metrics statements="1" coveredstatements="0" conditionals="0" coveredconditionals="0" methods="1" coveredmethods="0"/>
      <line num="5" count="0" type="stmt"/>
    </file>
    <file name="QuestionApp.js" path="C:\Users\DmitriyV\projects\testing\test_react-jest\src\components\QuestionApp.js">
      <metrics statements="1" coveredstatements="1" conditionals="0" coveredconditionals="0" methods="1" coveredmethods="1"/>
      <line num="9" count="1" type="stmt"/>
    </file>
    <file name="QuestionButton.js" path="C:\Users\DmitriyV\projects\testing\test_react-jest\src\components\QuestionButton.js">
      <metrics statements="1" coveredstatements="0" conditionals="0" coveredconditionals="0" methods="1" coveredmethods="0"/>
      <line num="12" count="0" type="stmt"/>
    </file>
    <file name="QuestionsFAQ.js" path="C:\Users\DmitriyV\projects\testing\test_react-jest\src\components\QuestionsFAQ.js">
      <metrics statements="1" coveredstatements="0" conditionals="0" coveredconditionals="0" methods="1" coveredmethods="0"/>
      <line num="11" count="0" type="stmt"/>
    </file>
    <file name="RegistrationApp.js" path="C:\Users\DmitriyV\projects\testing\test_react-jest\src\components\RegistrationApp.js">
      <metrics statements="1" coveredstatements="0" conditionals="0" coveredconditionals="0" methods="1" coveredmethods="0"/>
      <line num="15" count="0" type="stmt"/>
    </file>
    <file name="RegistrationSection.js" path="C:\Users\DmitriyV\projects\testing\test_react-jest\src\components\RegistrationSection.js">
      <metrics statements="1" coveredstatements="1" conditionals="0" coveredconditionals="0" methods="1" coveredmethods="1"/>
      <line num="7" count="4" type="stmt"/>
    </file>
    <file name="RegistrationSectionColor.js" path="C:\Users\DmitriyV\projects\testing\test_react-jest\src\components\RegistrationSectionColor.js">
      <metrics statements="1" coveredstatements="0" conditionals="0" coveredconditionals="0" methods="1" coveredmethods="0"/>
      <line num="7" count="0" type="stmt"/>
    </file>
    <file name="RegistrationSectionLast.js" path="C:\Users\DmitriyV\projects\testing\test_react-jest\src\components\RegistrationSectionLast.js">
      <metrics statements="1" coveredstatements="0" conditionals="0" coveredconditionals="0" methods="1" coveredmethods="0"/>
      <line num="6" count="0" type="stmt"/>
    </file>
    <file name="RegistrationSectionNews.js" path="C:\Users\DmitriyV\projects\testing\test_react-jest\src\components\RegistrationSectionNews.js">
      <metrics statements="1" coveredstatements="0" conditionals="0" coveredconditionals="0" methods="1" coveredmethods="0"/>
      <line num="8" count="0" type="stmt"/>
    </file>
    <file name="RegistrationSectionOffers.js" path="C:\Users\DmitriyV\projects\testing\test_react-jest\src\components\RegistrationSectionOffers.js">
      <metrics statements="1" coveredstatements="0" conditionals="0" coveredconditionals="0" methods="1" coveredmethods="0"/>
      <line num="10" count="0" type="stmt"/>
    </file>
    <file name="RegistrationSectionReviews.js" path="C:\Users\DmitriyV\projects\testing\test_react-jest\src\components\RegistrationSectionReviews.js">
      <metrics statements="1" coveredstatements="0" conditionals="0" coveredconditionals="0" methods="1" coveredmethods="0"/>
      <line num="10" count="0" type="stmt"/>
    </file>
    <file name="SectionMain.js" path="C:\Users\DmitriyV\projects\testing\test_react-jest\src\components\SectionMain.js">
      <metrics statements="1" coveredstatements="0" conditionals="0" coveredconditionals="0" methods="1" coveredmethods="0"/>
      <line num="5" count="0" type="stmt"/>
    </file>
    <file name="SectionNewsSecond.js" path="C:\Users\DmitriyV\projects\testing\test_react-jest\src\components\SectionNewsSecond.js">
      <metrics statements="1" coveredstatements="0" conditionals="0" coveredconditionals="0" methods="1" coveredmethods="0"/>
      <line num="6" count="0" type="stmt"/>
    </file>
    <file name="SectionNewsThird.js" path="C:\Users\DmitriyV\projects\testing\test_react-jest\src\components\SectionNewsThird.js">
      <metrics statements="1" coveredstatements="0" conditionals="0" coveredconditionals="0" methods="1" coveredmethods="0"/>
      <line num="6" count="0" type="stmt"/>
    </file>
  </project>
</coverage>
