{"C:\\Users\\DmitriyV\\projects\\testing\\test_react-jest\\src\\components\\AboutApp.js": {"path":"C:\\Users\\DmitriyV\\projects\\testing\\test_react-jest\\src\\components\\AboutApp.js","statementMap":{"0":{"start":{"line":11,"column":8},"end":{"line":19,"column":10}}},"fnMap":{"0":{"name":"(anonymous_0)","decl":{"start":{"line":10,"column":4},"end":{"line":10,"column":5}},"loc":{"start":{"line":10,"column":12},"end":{"line":23,"column":5}},"line":10}},"branchMap":{},"s":{"0":0},"f":{"0":0},"b":{},"_coverageSchema":"1a1c01bbd47fc00a2c39e90264f33305004495a9","hash":"5ec29409bdbfa2725d9084d97d5451e471a36b66"}
,"C:\\Users\\DmitriyV\\projects\\testing\\test_react-jest\\src\\components\\AnswerContent.js": {"path":"C:\\Users\\DmitriyV\\projects\\testing\\test_react-jest\\src\\components\\AnswerContent.js","statementMap":{"0":{"start":{"line":7,"column":4},"end":{"line":12,"column":6}}},"fnMap":{"0":{"name":"AnswerContent","decl":{"start":{"line":6,"column":9},"end":{"line":6,"column":22}},"loc":{"start":{"line":6,"column":25},"end":{"line":13,"column":1}},"line":6}},"branchMap":{},"s":{"0":0},"f":{"0":0},"b":{},"_coverageSchema":"1a1c01bbd47fc00a2c39e90264f33305004495a9","hash":"53520ab5709ae6aa4dab90f070bee81e6bbd735b"}
,"C:\\Users\\DmitriyV\\projects\\testing\\test_react-jest\\src\\components\\BlockImage.js": {"path":"C:\\Users\\DmitriyV\\projects\\testing\\test_react-jest\\src\\components\\BlockImage.js","statementMap":{"0":{"start":{"line":5,"column":4},"end":{"line":13,"column":6}}},"fnMap":{"0":{"name":"BlockImage","decl":{"start":{"line":3,"column":9},"end":{"line":3,"column":19}},"loc":{"start":{"line":3,"column":26},"end":{"line":15,"column":1}},"line":3}},"branchMap":{},"s":{"0":0},"f":{"0":0},"b":{},"_coverageSchema":"1a1c01bbd47fc00a2c39e90264f33305004495a9","hash":"a28406f054b9339471063263cddbf0d10a42fc81"}
,"C:\\Users\\DmitriyV\\projects\\testing\\test_react-jest\\src\\components\\Commands.js": {"path":"C:\\Users\\DmitriyV\\projects\\testing\\test_react-jest\\src\\components\\Commands.js","statementMap":{"0":{"start":{"line":13,"column":8},"end":{"line":77,"column":10}}},"fnMap":{"0":{"name":"(anonymous_0)","decl":{"start":{"line":12,"column":4},"end":{"line":12,"column":5}},"loc":{"start":{"line":12,"column":12},"end":{"line":78,"column":5}},"line":12}},"branchMap":{},"s":{"0":0},"f":{"0":0},"b":{},"_coverageSchema":"1a1c01bbd47fc00a2c39e90264f33305004495a9","hash":"53375b64a0007f8e09d307f3511f1bbd6cd1abeb"}
,"C:\\Users\\DmitriyV\\projects\\testing\\test_react-jest\\src\\components\\Contacts.js": {"path":"C:\\Users\\DmitriyV\\projects\\testing\\test_react-jest\\src\\components\\Contacts.js","statementMap":{"0":{"start":{"line":4,"column":4},"end":{"line":22,"column":6}}},"fnMap":{"0":{"name":"Contacts","decl":{"start":{"line":3,"column":9},"end":{"line":3,"column":17}},"loc":{"start":{"line":3,"column":20},"end":{"line":23,"column":1}},"line":3}},"branchMap":{},"s":{"0":0},"f":{"0":0},"b":{},"_coverageSchema":"1a1c01bbd47fc00a2c39e90264f33305004495a9","hash":"e9c95ceb724cb694c17fb84b694098be5fa8b0ec"}
,"C:\\Users\\DmitriyV\\projects\\testing\\test_react-jest\\src\\components\\EntranceButton.js": {"path":"C:\\Users\\DmitriyV\\projects\\testing\\test_react-jest\\src\\components\\EntranceButton.js","statementMap":{"0":{"start":{"line":6,"column":8},"end":{"line":6,"column":21}},"1":{"start":{"line":7,"column":8},"end":{"line":9,"column":9}},"2":{"start":{"line":10,"column":8},"end":{"line":10,"column":53}},"3":{"start":{"line":13,"column":8},"end":{"line":13,"column":33}},"4":{"start":{"line":14,"column":7},"end":{"line":14,"column":49}},"5":{"start":{"line":18,"column":4},"end":{"line":21,"column":6}}},"fnMap":{"0":{"name":"(anonymous_0)","decl":{"start":{"line":5,"column":4},"end":{"line":5,"column":5}},"loc":{"start":{"line":5,"column":22},"end":{"line":11,"column":5}},"line":5},"1":{"name":"(anonymous_1)","decl":{"start":{"line":12,"column":4},"end":{"line":12,"column":5}},"loc":{"start":{"line":12,"column":18},"end":{"line":16,"column":5}},"line":12},"2":{"name":"(anonymous_2)","decl":{"start":{"line":17,"column":4},"end":{"line":17,"column":5}},"loc":{"start":{"line":17,"column":12},"end":{"line":22,"column":5}},"line":17}},"branchMap":{},"s":{"0":0,"1":0,"2":0,"3":0,"4":0,"5":0},"f":{"0":0,"1":0,"2":0},"b":{},"_coverageSchema":"1a1c01bbd47fc00a2c39e90264f33305004495a9","hash":"7563a2003dde4d4cc83894089d9325c96aa6670c"}
,"C:\\Users\\DmitriyV\\projects\\testing\\test_react-jest\\src\\components\\Footer.js": {"path":"C:\\Users\\DmitriyV\\projects\\testing\\test_react-jest\\src\\components\\Footer.js","statementMap":{"0":{"start":{"line":7,"column":0},"end":{"line":18,"column":2}}},"fnMap":{"0":{"name":"Footer","decl":{"start":{"line":6,"column":9},"end":{"line":6,"column":15}},"loc":{"start":{"line":6,"column":18},"end":{"line":19,"column":1}},"line":6}},"branchMap":{},"s":{"0":0},"f":{"0":0},"b":{},"_coverageSchema":"1a1c01bbd47fc00a2c39e90264f33305004495a9","hash":"f13c7545d89b5b1500a0c65eb2ea1e9bc5e2fe0a"}
,"C:\\Users\\DmitriyV\\projects\\testing\\test_react-jest\\src\\components\\Header.js": {"path":"C:\\Users\\DmitriyV\\projects\\testing\\test_react-jest\\src\\components\\Header.js","statementMap":{"0":{"start":{"line":9,"column":8},"end":{"line":20,"column":10}}},"fnMap":{"0":{"name":"(anonymous_0)","decl":{"start":{"line":8,"column":4},"end":{"line":8,"column":5}},"loc":{"start":{"line":8,"column":13},"end":{"line":21,"column":5}},"line":8}},"branchMap":{},"s":{"0":0},"f":{"0":0},"b":{},"_coverageSchema":"1a1c01bbd47fc00a2c39e90264f33305004495a9","hash":"1c529f47731f5d5873d4172852def3a9c7a2c75b"}
,"C:\\Users\\DmitriyV\\projects\\testing\\test_react-jest\\src\\components\\Main.js": {"path":"C:\\Users\\DmitriyV\\projects\\testing\\test_react-jest\\src\\components\\Main.js","statementMap":{"0":{"start":{"line":5,"column":5},"end":{"line":12,"column":3}}},"fnMap":{"0":{"name":"Main","decl":{"start":{"line":4,"column":10},"end":{"line":4,"column":14}},"loc":{"start":{"line":4,"column":18},"end":{"line":13,"column":2}},"line":4}},"branchMap":{},"s":{"0":0},"f":{"0":0},"b":{},"_coverageSchema":"1a1c01bbd47fc00a2c39e90264f33305004495a9","hash":"ef810194e00c7815eb7868f225df22b0945fc732"}
,"C:\\Users\\DmitriyV\\projects\\testing\\test_react-jest\\src\\components\\NavBar.js": {"path":"C:\\Users\\DmitriyV\\projects\\testing\\test_react-jest\\src\\components\\NavBar.js","statementMap":{"0":{"start":{"line":9,"column":8},"end":{"line":37,"column":10}}},"fnMap":{"0":{"name":"(anonymous_0)","decl":{"start":{"line":8,"column":4},"end":{"line":8,"column":5}},"loc":{"start":{"line":8,"column":12},"end":{"line":38,"column":5}},"line":8}},"branchMap":{},"s":{"0":0},"f":{"0":0},"b":{},"_coverageSchema":"1a1c01bbd47fc00a2c39e90264f33305004495a9","hash":"6d79c16f75f65608af271ed3d6df489b2b48c202"}
,"C:\\Users\\DmitriyV\\projects\\testing\\test_react-jest\\src\\components\\Noscript.js": {"path":"C:\\Users\\DmitriyV\\projects\\testing\\test_react-jest\\src\\components\\Noscript.js","statementMap":{"0":{"start":{"line":5,"column":4},"end":{"line":10,"column":6}}},"fnMap":{"0":{"name":"Noscript","decl":{"start":{"line":4,"column":9},"end":{"line":4,"column":17}},"loc":{"start":{"line":4,"column":20},"end":{"line":11,"column":1}},"line":4}},"branchMap":{},"s":{"0":0},"f":{"0":0},"b":{},"_coverageSchema":"1a1c01bbd47fc00a2c39e90264f33305004495a9","hash":"c565fe71f9e1e2a4f5fcd5051951deda32ef06e6"}
,"C:\\Users\\DmitriyV\\projects\\testing\\test_react-jest\\src\\components\\QuestionApp.js": {"path":"C:\\Users\\DmitriyV\\projects\\testing\\test_react-jest\\src\\components\\QuestionApp.js","statementMap":{"0":{"start":{"line":9,"column":8},"end":{"line":16,"column":10}}},"fnMap":{"0":{"name":"(anonymous_0)","decl":{"start":{"line":8,"column":4},"end":{"line":8,"column":5}},"loc":{"start":{"line":8,"column":12},"end":{"line":20,"column":5}},"line":8}},"branchMap":{},"s":{"0":1},"f":{"0":1},"b":{},"_coverageSchema":"1a1c01bbd47fc00a2c39e90264f33305004495a9","hash":"66cf3020c50ad02d6662776ec5da145e66aaeb47"}
,"C:\\Users\\DmitriyV\\projects\\testing\\test_react-jest\\src\\components\\QuestionButton.js": {"path":"C:\\Users\\DmitriyV\\projects\\testing\\test_react-jest\\src\\components\\QuestionButton.js","statementMap":{"0":{"start":{"line":12,"column":4},"end":{"line":17,"column":6}}},"fnMap":{"0":{"name":"QuestionButton","decl":{"start":{"line":11,"column":9},"end":{"line":11,"column":23}},"loc":{"start":{"line":11,"column":31},"end":{"line":18,"column":1}},"line":11}},"branchMap":{},"s":{"0":0},"f":{"0":0},"b":{},"_coverageSchema":"1a1c01bbd47fc00a2c39e90264f33305004495a9","hash":"966370f54272fac9c2d8c430015699513460973f"}
,"C:\\Users\\DmitriyV\\projects\\testing\\test_react-jest\\src\\components\\QuestionsFAQ.js": {"path":"C:\\Users\\DmitriyV\\projects\\testing\\test_react-jest\\src\\components\\QuestionsFAQ.js","statementMap":{"0":{"start":{"line":11,"column":8},"end":{"line":65,"column":10}}},"fnMap":{"0":{"name":"(anonymous_0)","decl":{"start":{"line":10,"column":4},"end":{"line":10,"column":5}},"loc":{"start":{"line":10,"column":12},"end":{"line":66,"column":5}},"line":10}},"branchMap":{},"s":{"0":0},"f":{"0":0},"b":{},"_coverageSchema":"1a1c01bbd47fc00a2c39e90264f33305004495a9","hash":"dc54b69388dc7da7aeb8c6cd60e93f5d716c0bb1"}
,"C:\\Users\\DmitriyV\\projects\\testing\\test_react-jest\\src\\components\\RegistrationApp.js": {"path":"C:\\Users\\DmitriyV\\projects\\testing\\test_react-jest\\src\\components\\RegistrationApp.js","statementMap":{"0":{"start":{"line":15,"column":8},"end":{"line":28,"column":10}}},"fnMap":{"0":{"name":"(anonymous_0)","decl":{"start":{"line":14,"column":4},"end":{"line":14,"column":5}},"loc":{"start":{"line":14,"column":12},"end":{"line":32,"column":5}},"line":14}},"branchMap":{},"s":{"0":0},"f":{"0":0},"b":{},"_coverageSchema":"1a1c01bbd47fc00a2c39e90264f33305004495a9","hash":"72690fc16e222a5ec361c4b3b4c1afbdf24c936e"}
,"C:\\Users\\DmitriyV\\projects\\testing\\test_react-jest\\src\\components\\RegistrationSection.js": {"path":"C:\\Users\\DmitriyV\\projects\\testing\\test_react-jest\\src\\components\\RegistrationSection.js","statementMap":{"0":{"start":{"line":7,"column":4},"end":{"line":14,"column":5}}},"fnMap":{"0":{"name":"RegistrationSection","decl":{"start":{"line":4,"column":9},"end":{"line":4,"column":28}},"loc":{"start":{"line":4,"column":31},"end":{"line":15,"column":1}},"line":4}},"branchMap":{},"s":{"0":4},"f":{"0":4},"b":{},"_coverageSchema":"1a1c01bbd47fc00a2c39e90264f33305004495a9","hash":"364a0b6ca406d2fd0f39dcc2ab174ee2c3efc9f6"}
,"C:\\Users\\DmitriyV\\projects\\testing\\test_react-jest\\src\\components\\RegistrationSectionColor.js": {"path":"C:\\Users\\DmitriyV\\projects\\testing\\test_react-jest\\src\\components\\RegistrationSectionColor.js","statementMap":{"0":{"start":{"line":7,"column":8},"end":{"line":27,"column":10}}},"fnMap":{"0":{"name":"(anonymous_0)","decl":{"start":{"line":6,"column":4},"end":{"line":6,"column":5}},"loc":{"start":{"line":6,"column":12},"end":{"line":28,"column":5}},"line":6}},"branchMap":{},"s":{"0":0},"f":{"0":0},"b":{},"_coverageSchema":"1a1c01bbd47fc00a2c39e90264f33305004495a9","hash":"89d62e10c61e103b10e89d3999041c267d1dacd7"}
,"C:\\Users\\DmitriyV\\projects\\testing\\test_react-jest\\src\\components\\RegistrationSectionLast.js": {"path":"C:\\Users\\DmitriyV\\projects\\testing\\test_react-jest\\src\\components\\RegistrationSectionLast.js","statementMap":{"0":{"start":{"line":6,"column":4},"end":{"line":12,"column":6}}},"fnMap":{"0":{"name":"RegistrationSectionLast","decl":{"start":{"line":5,"column":9},"end":{"line":5,"column":32}},"loc":{"start":{"line":5,"column":35},"end":{"line":13,"column":1}},"line":5}},"branchMap":{},"s":{"0":0},"f":{"0":0},"b":{},"_coverageSchema":"1a1c01bbd47fc00a2c39e90264f33305004495a9","hash":"125b41df355b01661c97e94ace2aaef17b6c2151"}
,"C:\\Users\\DmitriyV\\projects\\testing\\test_react-jest\\src\\components\\RegistrationSectionNews.js": {"path":"C:\\Users\\DmitriyV\\projects\\testing\\test_react-jest\\src\\components\\RegistrationSectionNews.js","statementMap":{"0":{"start":{"line":8,"column":8},"end":{"line":19,"column":10}}},"fnMap":{"0":{"name":"(anonymous_0)","decl":{"start":{"line":7,"column":4},"end":{"line":7,"column":5}},"loc":{"start":{"line":7,"column":12},"end":{"line":20,"column":5}},"line":7}},"branchMap":{},"s":{"0":0},"f":{"0":0},"b":{},"_coverageSchema":"1a1c01bbd47fc00a2c39e90264f33305004495a9","hash":"b56569d9561811e46ae5f52ad2d24fc14d78b518"}
,"C:\\Users\\DmitriyV\\projects\\testing\\test_react-jest\\src\\components\\RegistrationSectionOffers.js": {"path":"C:\\Users\\DmitriyV\\projects\\testing\\test_react-jest\\src\\components\\RegistrationSectionOffers.js","statementMap":{"0":{"start":{"line":10,"column":8},"end":{"line":37,"column":10}}},"fnMap":{"0":{"name":"(anonymous_0)","decl":{"start":{"line":9,"column":4},"end":{"line":9,"column":5}},"loc":{"start":{"line":9,"column":12},"end":{"line":38,"column":5}},"line":9}},"branchMap":{},"s":{"0":0},"f":{"0":0},"b":{},"_coverageSchema":"1a1c01bbd47fc00a2c39e90264f33305004495a9","hash":"c9c9c51e54e537ef09b6dbf2d72dc1d901c601ef"}
,"C:\\Users\\DmitriyV\\projects\\testing\\test_react-jest\\src\\components\\RegistrationSectionReviews.js": {"path":"C:\\Users\\DmitriyV\\projects\\testing\\test_react-jest\\src\\components\\RegistrationSectionReviews.js","statementMap":{"0":{"start":{"line":10,"column":8},"end":{"line":34,"column":10}}},"fnMap":{"0":{"name":"(anonymous_0)","decl":{"start":{"line":9,"column":4},"end":{"line":9,"column":5}},"loc":{"start":{"line":9,"column":12},"end":{"line":35,"column":5}},"line":9}},"branchMap":{},"s":{"0":0},"f":{"0":0},"b":{},"_coverageSchema":"1a1c01bbd47fc00a2c39e90264f33305004495a9","hash":"db8f4ad2252ac5c76e50fd0c96511f6e229afd33"}
,"C:\\Users\\DmitriyV\\projects\\testing\\test_react-jest\\src\\components\\SectionMain.js": {"path":"C:\\Users\\DmitriyV\\projects\\testing\\test_react-jest\\src\\components\\SectionMain.js","statementMap":{"0":{"start":{"line":5,"column":4},"end":{"line":11,"column":6}}},"fnMap":{"0":{"name":"SectionMain","decl":{"start":{"line":4,"column":9},"end":{"line":4,"column":20}},"loc":{"start":{"line":4,"column":23},"end":{"line":12,"column":1}},"line":4}},"branchMap":{},"s":{"0":0},"f":{"0":0},"b":{},"_coverageSchema":"1a1c01bbd47fc00a2c39e90264f33305004495a9","hash":"e0a0056adbf184a37241c7a7ea1bcde45c8f313f"}
,"C:\\Users\\DmitriyV\\projects\\testing\\test_react-jest\\src\\components\\SectionNewsSecond.js": {"path":"C:\\Users\\DmitriyV\\projects\\testing\\test_react-jest\\src\\components\\SectionNewsSecond.js","statementMap":{"0":{"start":{"line":6,"column":4},"end":{"line":16,"column":6}}},"fnMap":{"0":{"name":"SectionNewsSecond","decl":{"start":{"line":5,"column":9},"end":{"line":5,"column":26}},"loc":{"start":{"line":5,"column":29},"end":{"line":17,"column":1}},"line":5}},"branchMap":{},"s":{"0":0},"f":{"0":0},"b":{},"_coverageSchema":"1a1c01bbd47fc00a2c39e90264f33305004495a9","hash":"cf2957f66479df98b871a286e2d15553c9d15010"}
,"C:\\Users\\DmitriyV\\projects\\testing\\test_react-jest\\src\\components\\SectionNewsThird.js": {"path":"C:\\Users\\DmitriyV\\projects\\testing\\test_react-jest\\src\\components\\SectionNewsThird.js","statementMap":{"0":{"start":{"line":6,"column":4},"end":{"line":16,"column":6}}},"fnMap":{"0":{"name":"SectionNewsThird","decl":{"start":{"line":5,"column":9},"end":{"line":5,"column":25}},"loc":{"start":{"line":5,"column":28},"end":{"line":17,"column":1}},"line":5}},"branchMap":{},"s":{"0":0},"f":{"0":0},"b":{},"_coverageSchema":"1a1c01bbd47fc00a2c39e90264f33305004495a9","hash":"d73f6633a603ec988a8ac8a03cc3f57a057ca4cf"}
}
